{"/Users/in-atmaram.naik/projects/atmaram/open_source/selkot/sample-web-app/sample/components/BlogEntries.tsx": {"path":"/Users/in-atmaram.naik/projects/atmaram/open_source/selkot/sample-web-app/sample/components/BlogEntries.tsx","statementMap":{"0":{"start":{"line":1,"column":0},"end":{"line":1,"column":null}},"1":{"start":{"line":3,"column":0},"end":{"line":3,"column":null}},"2":{"start":{"line":13,"column":27},"end":{"line":13,"column":null}},"3":{"start":{"line":14,"column":27},"end":{"line":14,"column":32}},"4":{"start":{"line":15,"column":8},"end":{"line":20,"column":null}},"5":{"start":{"line":16,"column":12},"end":{"line":16,"column":24}},"6":{"start":{"line":17,"column":16},"end":{"line":17,"column":24}},"7":{"start":{"line":21,"column":8},"end":{"line":21,"column":15}},"8":{"start":{"line":11,"column":0},"end":{"line":11,"column":13}}},"fnMap":{"0":{"name":"(anonymous_0)","decl":{"start":{"line":12,"column":4},"end":{"line":12,"column":10}},"loc":{"start":{"line":12,"column":10},"end":{"line":22,"column":null}}},"1":{"name":"(anonymous_1)","decl":{"start":{"line":16,"column":60},"end":{"line":16,"column":64}},"loc":{"start":{"line":16,"column":66},"end":{"line":18,"column":null}}}},"branchMap":{"0":{"loc":{"start":{"line":15,"column":8},"end":{"line":20,"column":null}},"type":"if","locations":[{"start":{"line":15,"column":8},"end":{"line":20,"column":null}},{"start":{"line":15,"column":8},"end":{"line":20,"column":null}}]}},"s":{"0":1,"1":1,"2":3,"3":3,"4":3,"5":2,"6":4,"7":3,"8":1},"f":{"0":3,"1":4},"b":{"0":[2,1]}}
,"/Users/in-atmaram.naik/projects/atmaram/open_source/selkot/sample-web-app/sample/components/BlogEntry.tsx": {"path":"/Users/in-atmaram.naik/projects/atmaram/open_source/selkot/sample-web-app/sample/components/BlogEntry.tsx","statementMap":{"0":{"start":{"line":1,"column":0},"end":{"line":1,"column":null}},"1":{"start":{"line":2,"column":0},"end":{"line":2,"column":null}},"2":{"start":{"line":13,"column":26},"end":{"line":13,"column":null}},"3":{"start":{"line":14,"column":8},"end":{"line":14,"column":16}},"4":{"start":{"line":11,"column":0},"end":{"line":11,"column":13}}},"fnMap":{"0":{"name":"(anonymous_0)","decl":{"start":{"line":12,"column":4},"end":{"line":12,"column":10}},"loc":{"start":{"line":12,"column":10},"end":{"line":20,"column":null}}}},"branchMap":{},"s":{"0":2,"1":2,"2":2,"3":2,"4":2},"f":{"0":2},"b":{}}
,"/Users/in-atmaram.naik/projects/atmaram/open_source/selkot/sample-web-app/sample/components/JD.tsx": {"path":"/Users/in-atmaram.naik/projects/atmaram/open_source/selkot/sample-web-app/sample/components/JD.tsx","statementMap":{"0":{"start":{"line":1,"column":0},"end":{"line":1,"column":null}},"1":{"start":{"line":2,"column":0},"end":{"line":2,"column":null}},"2":{"start":{"line":14,"column":38},"end":{"line":14,"column":null}},"3":{"start":{"line":15,"column":8},"end":{"line":15,"column":null}},"4":{"start":{"line":12,"column":0},"end":{"line":12,"column":13}},"5":{"start":{"line":27,"column":25},"end":{"line":27,"column":-1}},"6":{"start":{"line":27,"column":36},"end":{"line":27,"column":null}},"7":{"start":{"line":31,"column":28},"end":{"line":31,"column":-1}},"8":{"start":{"line":31,"column":42},"end":{"line":31,"column":null}},"9":{"start":{"line":33,"column":13},"end":{"line":33,"column":28}}},"fnMap":{"0":{"name":"(anonymous_0)","decl":{"start":{"line":13,"column":4},"end":{"line":13,"column":10}},"loc":{"start":{"line":13,"column":10},"end":{"line":25,"column":null}}},"1":{"name":"(anonymous_1)","decl":{"start":{"line":27,"column":25},"end":{"line":27,"column":36}},"loc":{"start":{"line":27,"column":36},"end":{"line":27,"column":null}}},"2":{"name":"(anonymous_2)","decl":{"start":{"line":31,"column":28},"end":{"line":31,"column":42}},"loc":{"start":{"line":31,"column":42},"end":{"line":31,"column":null}}}},"branchMap":{"0":{"loc":{"start":{"line":17,"column":18},"end":{"line":17,"column":26}},"type":"binary-expr","locations":[{"start":{"line":17,"column":18},"end":{"line":17,"column":26}},{"start":{"line":17,"column":30},"end":{"line":17,"column":41}},{"start":{"line":17,"column":41},"end":{"line":17,"column":null}}]}},"s":{"0":1,"1":1,"2":3,"3":3,"4":1,"5":1,"6":0,"7":1,"8":0,"9":1},"f":{"0":3,"1":0,"2":0},"b":{"0":[3,2,1]}}
}
