TN:
SF:/Users/in-atmaram.naik/projects/atmaram/open_source/selkot/sample-web-app/sample/components/BlogEntries.tsx
FN:12,(anonymous_0)
FN:16,(anonymous_1)
FNF:2
FNH:2
FNDA:3,(anonymous_0)
FNDA:4,(anonymous_1)
DA:1,1
DA:3,1
DA:11,1
DA:13,3
DA:14,3
DA:15,3
DA:16,2
DA:17,4
DA:21,3
LF:9
LH:9
BRDA:15,0,0,2
BRDA:15,0,1,1
BRF:2
BRH:2
end_of_record
TN:
SF:/Users/in-atmaram.naik/projects/atmaram/open_source/selkot/sample-web-app/sample/components/BlogEntry.tsx
FN:12,(anonymous_0)
FNF:1
FNH:1
FNDA:2,(anonymous_0)
DA:1,2
DA:2,2
DA:11,2
DA:13,2
DA:14,2
LF:5
LH:5
BRF:0
BRH:0
end_of_record
TN:
SF:/Users/in-atmaram.naik/projects/atmaram/open_source/selkot/sample-web-app/sample/components/JD.tsx
FN:13,(anonymous_0)
FN:27,(anonymous_1)
FN:31,(anonymous_2)
FNF:3
FNH:1
FNDA:3,(anonymous_0)
FNDA:0,(anonymous_1)
FNDA:0,(anonymous_2)
DA:1,1
DA:2,1
DA:12,1
DA:14,3
DA:15,3
DA:27,1
DA:31,1
DA:33,1
LF:8
LH:8
BRDA:17,0,0,3
BRDA:17,0,1,2
BRDA:17,0,2,1
BRF:3
BRH:3
end_of_record
